<?xml version="1.0" encoding="UTF-8"?>
<!-- Generated by org.testng.reporters.JUnitReportReporter -->
<testsuite hostname="Nikki" failures="0" tests="3" name="com.testngsuitepractice1st.sample3" time="0.010" errors="0" timestamp="2022-08-24T13:12:02 IST" skipped="0">
  <testcase classname="com.testngsuitepractice1st.sample3" name="g" time="0.007"/>
  <system-out/>
  <testcase classname="com.testngsuitepractice1st.sample3" name="i" time="0.001"/>
  <system-out/>
  <testcase classname="com.testngsuitepractice1st.sample3" name="h" time="0.002"/>
  <system-out/>
</testsuite> <!-- com.testngsuitepractice1st.sample3 -->
