<?xml version="1.0" encoding="UTF-8"?>
<!-- Generated by org.testng.reporters.JUnitReportReporter -->
<testsuite hostname="Nikki" failures="0" tests="3" name="com.testngsuitepractice1st.Sample2" time="0.010" errors="0" timestamp="2022-08-24T13:11:22 IST" skipped="0">
  <testcase classname="com.testngsuitepractice1st.Sample2" name="d" time="0.008"/>
  <system-out/>
  <testcase classname="com.testngsuitepractice1st.Sample2" name="f" time="0.001"/>
  <system-out/>
  <testcase classname="com.testngsuitepractice1st.Sample2" name="e" time="0.001"/>
  <system-out/>
</testsuite> <!-- com.testngsuitepractice1st.Sample2 -->
